<?xml version="1.0" encoding="UTF-8"?>
<!-- Generated by org.testng.reporters.JUnitReportReporter -->
<testsuite hostname="TCFILML50509999" name="child2pack1.Child2Class1" tests="1" failures="0" timestamp="10 Apr 2020 06:52:41 GMT" time="4.139" errors="0">
  <testcase name="method1" time="4.139" classname="child2pack1.Child2Class1"/>
</testsuite> <!-- child2pack1.Child2Class1 -->
