<?xml version="1.0" encoding="UTF-8"?>
<!-- Generated by org.testng.reporters.JUnitReportReporter -->
<testsuite hostname="TCFILML50509999" name="child2pack1.SmokeTest" tests="3" failures="0" timestamp="11 Apr 2020 15:02:54 GMT" time="0.019" errors="0">
  <testcase name="smokemethod1" time="0.019" classname="child2pack1.SmokeTest"/>
  <testcase name="smokemethod2" time="0.000" classname="child2pack1.SmokeTest"/>
  <testcase name="smokemethod3" time="0.000" classname="child2pack1.SmokeTest"/>
</testsuite> <!-- child2pack1.SmokeTest -->
