<?xml version="1.0" encoding="UTF-8"?>
<!-- Generated by org.testng.reporters.JUnitReportReporter -->
<testsuite hostname="TCFILML50509999" name="child2pack1.SanityTest" tests="3" failures="0" timestamp="11 Apr 2020 14:25:51 GMT" time="0.001" errors="0">
  <testcase name="sanitymethod3" time="0.000" classname="child2pack1.SanityTest"/>
  <testcase name="sanitythod1" time="0.001" classname="child2pack1.SanityTest"/>
  <testcase name="sanitymethod2" time="0.000" classname="child2pack1.SanityTest"/>
</testsuite> <!-- child2pack1.SanityTest -->
